<?xml version="1.0" encoding="UTF-8"?>
<!-- Generated by org.testng.reporters.JUnitReportReporter -->
<testsuite hostname="IDEAPAD" failures="0" tests="2" name="com.TestProjectFramework.TestScript.loginScript" time="25.611" errors="0" timestamp="2023-02-15T00:55:29 IST" skipped="0">
  <testcase classname="com.TestProjectFramework.TestScript.loginScript" name="validateLogin" time="12.597"/>
  <system-out/>
  <testcase classname="com.TestProjectFramework.TestScript.loginScript" name="validateLoginFunctionality" time="13.014"/>
  <system-out/>
</testsuite> <!-- com.TestProjectFramework.TestScript.loginScript -->
